lightAllDown starting
Downloaded new times: {"sunrise":{"hour":3,"minute":3},"sunset":{"hour":19,"minute":50}}
Starting lightEndingSteps at 6/5 - 23:7:48
App initialized at 6/5 - 23:7:48
lightAllDown starting
Downloaded new times: {"sunrise":{"hour":5,"minute":1},"sunset":{"hour":20,"minute":1}}
Starting lightEndingSteps at 6/5 - 23:12:5
App initialized at 6/5 - 23:12:5
Person enter down at 6/5 - 23:15:7
Starting startLightingUp at 6/5 - 23:15:7
Starting lightEndUp at 6/5 - 23:15:53
Starting lightEndingSteps at 6/5 - 23:15:57
lightAllDown starting
Downloaded new times: {"sunrise":{"hour":5,"minute":1},"sunset":{"hour":20,"minute":1}}
Starting lightEndingSteps at 6/5 - 23:12:5
App initialized at 6/5 - 23:12:5
lightAllDown starting
Downloaded new times: {"sunrise":{"hour":3,"minute":3},"sunset":{"hour":19,"minute":50}}
Starting lightEndingSteps at 6/5 - 23:11:59
App initialized at 6/5 - 23:11:59
Person enter down at 6/5 - 23:21:52
Starting startLightingUp at 6/5 - 23:21:52
Starting lightEndUp at 6/5 - 23:22:37
Starting lightEndingSteps at 6/5 - 23:22:41
Person enter down at 6/5 - 23:23:33
Starting startLightingUp at 6/5 - 23:23:33
Starting lightEndUp at 6/5 - 23:24:18
Starting lightEndingSteps at 6/5 - 23:24:22
Person enter down at 6/5 - 23:40:48
Starting startLightingUp at 6/5 - 23:40:48
Starting lightEndUp at 6/5 - 23:41:33
Starting lightEndingSteps at 6/5 - 23:41:37
Person enter down at 6/5 - 23:52:19
Starting startLightingUp at 6/5 - 23:52:19
Starting lightEndUp at 6/5 - 23:53:4
Starting lightEndingSteps at 6/5 - 23:53:8
Person enter down at 7/5 - 0:4:53
Starting startLightingUp at 7/5 - 0:4:53
Starting lightEndUp at 7/5 - 0:5:38
Starting lightEndingSteps at 7/5 - 0:5:42
Person enter down at 7/5 - 0:7:37
Starting startLightingUp at 7/5 - 0:7:37
Starting lightEndUp at 7/5 - 0:8:23
Starting lightEndingSteps at 7/5 - 0:8:27
Person enter down at 7/5 - 0:8:56
Starting startLightingUp at 7/5 - 0:8:56
Starting lightEndUp at 7/5 - 0:9:41
Starting lightEndingSteps at 7/5 - 0:9:45
Person enter down at 7/5 - 0:10:36
Starting startLightingUp at 7/5 - 0:10:36
Person enter down at 7/5 - 0:10:56
Starting startLightingUp at 7/5 - 0:10:56
Starting lightEndUp at 7/5 - 0:11:36
Starting lightEndingSteps at 7/5 - 0:11:40
Person enter down at 7/5 - 0:15:6
Starting startLightingUp at 7/5 - 0:15:6
Starting lightEndUp at 7/5 - 0:15:51
Starting lightEndingSteps at 7/5 - 0:15:55
Person enter down at 7/5 - 0:19:32
Starting startLightingUp at 7/5 - 0:19:32
Starting lightEndUp at 7/5 - 0:20:17
Starting lightEndingSteps at 7/5 - 0:20:21
Person enter down at 7/5 - 0:23:55
Starting startLightingUp at 7/5 - 0:23:55
Starting lightEndUp at 7/5 - 0:24:41
Starting lightEndingSteps at 7/5 - 0:24:45
Person enter down at 7/5 - 0:28:23
Starting startLightingUp at 7/5 - 0:28:23
Starting lightEndUp at 7/5 - 0:29:8
Starting lightEndingSteps at 7/5 - 0:29:12
Person enter down at 7/5 - 0:29:21
Starting startLightingUp at 7/5 - 0:29:21
Starting lightEndUp at 7/5 - 0:30:6
Starting lightEndingSteps at 7/5 - 0:30:10
Person enter down at 7/5 - 1:44:19
Starting startLightingUp at 7/5 - 1:44:19
Starting lightEndUp at 7/5 - 1:45:4
Starting lightEndingSteps at 7/5 - 1:45:8
Person enter down at 7/5 - 2:11:11
Starting startLightingUp at 7/5 - 2:11:11
Starting lightEndUp at 7/5 - 2:11:57
Starting lightEndingSteps at 7/5 - 2:12:1
Now is sunrise, start function at 7/5 - 3:12:27
lightAllDown starting
Downloaded new times: {"sunrise":{"hour":3,"minute":3},"sunset":{"hour":19,"minute":51}}
Person enter down at 7/5 - 3:14:9
Person detected on stair, but its day so light still off
Person enter down at 7/5 - 4:25:36
Person detected on stair, but its day so light still off
Person enter down at 7/5 - 4:59:32
Person detected on stair, but its day so light still off
Person enter down at 7/5 - 7:1:21
Person detected on stair, but its day so light still off
Person enter down at 7/5 - 7:9:44
Person detected on stair, but its day so light still off
Person enter down at 7/5 - 7:15:40
Person detected on stair, but its day so light still off
Person enter down at 7/5 - 7:16:7
Person detected on stair, but its day so light still off
Person enter down at 7/5 - 7:20:32
Person detected on stair, but its day so light still off
Person enter down at 7/5 - 7:47:59
Person detected on stair, but its day so light still off
Person enter down at 7/5 - 9:45:23
Person detected on stair, but its day so light still off
Person enter down at 7/5 - 9:58:27
Person detected on stair, but its day so light still off
